<?xml version="1.0" encoding="UTF-8"?>
<!-- Generated by org.testng.reporters.JUnitReportReporter -->
<testsuite hostname="Harinder" failures="0" tests="1" name="com.HarinderKaur.SeleniumAssignment.ValidatePurchase" time="193.106" errors="0" timestamp="18 Dec. 2022 06:49:14 GMT" skipped="0">
  <testcase classname="com.HarinderKaur.SeleniumAssignment.ValidatePurchase" name="validatePurchase" time="193.106"/>
</testsuite> <!-- com.HarinderKaur.SeleniumAssignment.ValidatePurchase -->
